500
0 5135 2061 4704 2279 7115 6258 1208 9636 5652 273 4558 9688 9551 1871 4340 935 2962 
1 1181 4704 7156 5682 6205 2767 1208 6249 7399 6859 2406 9688 4356 6258 1625 1042 1871 9265 5677 935 2962 321 
2 1423 4704 4293 3297 6258 2918 7437 4140 1017 3453 5097 790 4340 
3 4076 3017 3453 790 5069 5634 6991 9305 7437 523 273 6258 1042 4326 7296 
4 1423 191 8549 4644 2356 8758 2224 1019 7210 9688 813 9265 4985 2240 
5 1423 1905 7503 273 1439 2767 4704 5135 2486 6258 5941 6249 7899 1042 8043 7762 935 
6 7382 7437 4704 8720 5652 1423 4293 9688 1336 5795 6332 6281 4558 1195 4340 1042 4985 2962 
7 4293 1423 4704 1371 8793 4558 7977 854 4938 6258 4474 5097 4766 9265 9013 935 8994 
8 1423 9636 4704 7925 6249 3375 6258 5330 7382 5795 1042 6332 4558 9265 9688 745 979 6054 79 
9 6379 4039 1423 8098 6519 7414 4704 5682 3079 4293 1956 4558 4326 935 9007 2962 
10 2741 5634 1423 8615 7437 5692 10 9363 8758 1956 5660 1625 4326 6258 1042 
11 1423 9305 8123 8549 8768 7082 5652 6129 1181 7437 6258 4558 6257 3543 979 2240 
12 4293 9305 4704 9688 1423 6257 1147 273 9056 7228 4880 4362 2111 5389 2555 
13 4293 5525 4704 7156 1423 6213 8175 4076 790 4985 496 3743 450 7699 935 
14 1423 7115 4704 6628 273 4407 8549 6257 8123 1181 7381 7956 6014 935 9007 2 
15 1423 3017 3888 790 9688 4704 5107 273 7437 2263 1181 935 6258 2240 
16 4356 1072 5097 9442 1371 1181 167 273 4766 2406 1423 6896 2818 7082 6343 1496 1383 6258 8994 2555 
17 7115 1423 4474 7028 6628 7210 10 7939 1590 1371 1181 8841 6258 9265 8043 979 2962 
18 1423 790 6249 6258 9688 6121 8824 6257 6226 6859 997 5682 5941 9265 1625 4340 3074 7883 
19 1423 779 2918 366 3297 4060 4644 9728 8615 7156 813 6258 3079 9265 1625 4326 
20 1423 4704 6213 7414 9530 4726 7969 5330 2279 9688 2486 6020 979 7699 2240 
21 1423 9265 5754 4293 246 4938 5525 5509 631 4704 4356 6859 8793 790 5097 6139 6258 4340 1042 8841 1668 
22 4644 8549 3297 5069 6249 5679 9827 3079 5389 1423 4558 4726 8841 7899 6258 9265 1496 450 7296 7699 935 
23 8549 9688 4704 4558 246 6257 366 2356 7408 779 631 9115 9666 1042 4340 
24 790 7437 3557 5135 4704 1181 7521 5678 5795 9305 2356 4880 4326 
25 3297 1423 8750 3888 6213 5135 6258 8835 9583 7115 4340 3079 1625 3074 935 
26 1423 8469 6213 2215 273 4704 5795 4076 2143 7459 4880 9982 5097 8841 6258 2962 
27 4027 5069 5941 4704 4356 4293 5682 6213 141 5634 1336 7459 4474 2240 2962 
28 1423 4486 3888 4293 6859 6258 1715 4178 9585 2886 141 4928 2240 745 
29 1423 1336 4704 191 3079 9688 1908 5097 4166 3888 779 6139 250 6920 6258 7296 2962 
30 1423 4293 2515 5135 273 6258 6628 3005 1796 8469 5795 4060 2203 1625 1668 
31 7437 1423 2515 3017 2279 5634 6519 2741 9265 1181 1905 450 6258 
32 1423 7115 4704 1694 3079 351 3297 1208 9035 8600 8549 366 4340 4985 6258 6492 745 935 
33 4704 6925 7503 1905 3453 6249 4761 2934 4486 5069 133 9688 6226 7899 3074 2240 
34 1423 7437 6519 5059 8549 4821 5795 1956 5679 2061 5097 1323 6258 4985 4340 2962 
35 4704 4644 2741 6258 2835 10 8137 9636 4356 7156 351 4429 221 9265 1956 
36 5135 1423 7437 7503 7174 3523 6257 6213 4928 9688 4558 6258 4340 2962 
37 4704 3375 6213 6257 1423 6226 4039 7503 4293 7382 5552 7392 6258 9265 2240 7296 
38 4821 6257 4293 6309 4704 3755 6859 360 3843 4060 8040 8981 3079 1323 7521 4340 3074 935 
39 3375 4704 8835 5652 7382 7611 5135 4726 3743 6258 7296 
40 8549 1423 1905 5200 4880 7082 7115 22 3375 9530 779 3297 3582 6258 1670 1625 3074 7883 
41 1423 4704 6213 790 9688 6258 523 9102 7611 6170 141 4293 7082 3392 9265 1796 5097 4060 4558 4340 2962 7949 7413 2240 
42 4293 1181 5097 9102 1032 5961 6249 8600 1423 5692 8057 4704 1042 5704 6258 1956 979 2240 3936 2962 
43 779 790 4704 8824 7459 4293 6628 2406 2061 5097 1208 1042 9688 9265 6258 
44 1423 5634 2602 4821 7503 6557 6258 6213 9688 4704 232 7055 2422 1625 2240 935 2962 
45 790 6213 854 8203 7956 1181 9265 6257 5687 4704 1423 7884 1357 3079 6492 9199 7296 
46 4704 4039 5704 3297 5795 1423 1181 1439 2061 9585 4644 9265 2741 7956 4558 6258 2962 7699 2240 
47 1423 9688 8793 10 296 7408 1905 7503 779 1208 4705 3582 8123 4340 2962 
48 9688 1423 1181 8549 4821 4704 6639 4330 6607 5059 3375 7285 4060 6258 6054 2240 
49 5330 1423 5795 3843 7437 9747 7434 4293 6286 523 8841 1935 5552 4558 5401 4985 7285 935 8994 2962 
50 1423 779 191 4076 5059 1181 854 5350 3079 1323 9688 2327 2962 2555 
51 1423 4293 1439 9305 4704 2061 5795 4880 6859 523 4558 7156 5330 3079 4060 1956 4340 1042 7296 
52 1423 5135 4356 4474 4704 4938 8750 3582 3843 7503 3375 5097 1956 6258 4340 9199 9013 2240 
53 1423 8549 5135 273 6213 7174 6286 1181 6639 8793 4985 10 7434 6258 1383 9013 
54 1423 1072 8153 5795 1181 1905 1208 4704 8579 4985 7437 5330 4821 6258 935 2240 2962 
55 7115 4821 8750 7340 7408 1383 6302 790 750 8904 2532 3079 9265 6258 7296 935 
56 4293 5069 6213 5564 273 10 2406 1072 1908 813 1262 3297 6020 6258 4340 3074 9007 1668 
57 9688 5069 4293 6249 6213 2918 273 4704 5769 8824 3079 7883 
58 6258 4929 1072 4792 4407 2677 2152 5330 3582 779 1694 712 7977 7296 
59 4704 4356 1309 6213 7115 8750 779 1423 4766 8885 8824 4027 4340 7413 
60 1423 1905 4558 4076 6213 8469 7503 5682 5135 4407 6258 4134 3074 935 9968 
61 6257 4293 1423 9530 9265 5687 4474 4821 7215 5634 1181 511 1383 5097 4326 7296 2962 2240 
62 1423 5135 7503 6258 5634 9688 5525 246 10 3296 7437 4027 366 4340 1956 7709 1353 9265 7699 6054 2962 
63 790 273 1423 7503 6257 6213 4293 3453 9305 8469 6639 9688 232 4558 1625 8994 2555 
64 7503 1423 10 1181 7210 4704 854 6185 9442 790 5929 5678 2486 9013 2128 4340 6258 9265 
65 779 5135 9688 1181 366 4821 1956 4704 9636 8549 8123 8111 6343 5053 3074 
66 1423 4704 6258 10 6469 7977 5135 1715 779 1181 3714 232 2515 1414 3582 1956 3543 
67 7437 6257 1590 276 1357 5401 4558 6249 2524 3297 5509 9936 1625 1336 4071 9265 5053 2962 
68 1423 7115 4977 6258 2515 6257 3464 5097 9636 141 3297 5135 496 7156 9688 4985 8994 
69 1181 5634 1423 7503 2402 7006 7115 4704 5135 133 6639 9688 9013 1625 3074 2962 2240 2 
70 6257 4039 9035 2741 6859 4644 9827 790 296 1181 2863 7115 7426 4340 2240 
71 1423 7503 8469 2863 7382 7977 3888 6258 728 7115 232 1042 4027 352 
72 4704 1423 6213 6286 9035 4869 7562 246 7215 7459 6014 5097 6258 2962 
73 1423 8549 5825 6639 2356 790 1956 9265 4060 8767 6351 7028 5769 5097 6258 4340 4985 9199 
74 1423 4704 7381 6258 8758 4486 351 6257 4880 779 8123 250 3074 2240 2962 321 
75 6213 1423 4293 4704 6257 366 9305 9688 2329 2279 7977 6258 9265 5097 1042 523 450 1496 
76 1181 366 1423 6226 4761 1905 5069 191 4027 3523 7909 6257 6258 7880 
77 1423 3079 8549 5135 2406 3895 4407 5059 9688 2034 4704 6639 8014 6258 4060 7713 
78 5682 6258 2406 1423 4356 6257 6249 7382 9305 247 4704 10 8793 6054 1496 8125 
79 790 1423 2515 4323 5069 4293 1181 3375 1208 6607 5218 9688 4340 6258 2240 7699 935 2962 
80 2918 1181 7082 8469 6224 6258 5059 2356 3297 6859 871 133 4558 2962 2240 
81 4644 1181 7606 1423 7925 4486 7381 6956 3843 2034 5704 4558 7459 6258 3079 4340 8498 
82 1423 4644 7977 4293 9305 8758 7437 6607 9265 1905 9688 6258 2240 2962 321 
83 9305 4821 2061 4293 7028 4704 4558 779 6952 1208 450 3885 6492 7296 2962 
84 4704 2486 6258 4391 9688 6257 7459 4792 9636 3557 7956 5069 1423 6519 4474 3079 1042 6920 6054 4985 2962 7949 
85 8854 4474 4704 523 5069 1181 3523 10 2406 2677 6257 7340 1956 6469 5097 1625 6258 
86 1423 2279 6213 8111 6859 4704 9102 7028 6607 3582 2349 246 4558 6258 9968 321 
87 2406 4644 5634 1181 4704 2224 1694 2279 1796 6351 6258 2962 2 
88 1423 5135 3536 3017 3079 8549 6607 10 8793 9265 4938 5795 2962 
89 4293 8549 9688 8750 1423 276 3888 4704 7382 1042 7459 6258 1956 6351 3079 2263 5307 935 2240 
90 7503 6607 8895 1208 1423 631 4293 2215 5795 9265 6258 935 2962 
91 4821 4166 9688 5069 5135 4704 1694 6257 3860 5754 1181 5660 
92 1423 9265 4938 2356 4474 7977 9305 8549 7233 6258 3843 3297 3194 9688 1625 2240 7883 
93 6257 6639 6258 2408 2767 4293 8549 4704 4060 2255 3146 4533 6519 2818 8841 450 4340 2240 1668 
94 273 7028 1181 1423 6213 8469 790 8549 8975 5069 345 141 6258 5307 5097 4326 745 321 
95 3297 7437 1357 6258 2279 4060 7503 3561 1423 9827 4880 1665 7736 9265 2240 2962 79 
96 4486 4039 6258 366 1905 4644 1423 7437 790 2486 5634 5687 813 2240 
97 6859 1423 8750 4429 6519 2279 8549 5634 1956 8010 3463 6258 4356 7296 979 2240 2962 
98 8549 4293 1423 4683 5634 10 1309 3375 2586 246 8841 2818 7956 9265 6258 2240 
99 1181 3375 9305 1423 1072 7115 3017 2406 4330 4407 4356 2586 6258 3074 1668 935 9007 
100 5634 141 1423 9827 7437 2486 5330 4293 4880 2406 9688 4985 6258 3074 7699 9968 2240 
101 5678 5679 7321 8793 1017 1181 4340 2034 3895 9636 9688 3106 9442 7437 9265 1020 7285 3079 4985 935 2555 
102 5135 8549 1905 790 7115 6286 7977 9305 1423 1181 8758 5795 6258 4356 450 979 3074 2240 
103 1181 1423 6213 779 8615 3392 6224 1905 7437 8111 6258 9688 2856 3936 1668 
104 9688 790 1032 9305 4558 6258 9530 1423 2918 5135 7611 8750 9982 1956 450 4340 5038 
105 790 4293 6859 4821 1908 273 4704 5059 2863 5069 7956 7082 6258 9265 1956 4027 2349 2327 
106 1357 360 1181 7115 3079 1423 4977 6859 790 4474 8615 6468 2486 7586 7413 
107 1208 1309 9305 8549 6249 9688 6628 790 1181 4726 5097 4956 9265 979 
108 4293 1423 10 6519 9688 8549 1181 7437 7977 519 5704 5692 8841 3079 6258 5546 4340 1625 7699 2555 
109 7925 7082 5634 1181 4704 1423 5769 8549 6213 6042 9688 9265 6258 2 
110 7503 1208 1423 3392 4076 9035 1072 141 9265 273 1581 9982 450 4340 6258 7699 2962 
111 1423 7437 4704 9688 4474 854 6213 7115 4293 5097 5069 9265 9920 1042 1496 1625 2962 9007 
112 8549 4293 331 6258 9688 2331 8720 1323 4704 5634 6014 1423 4362 1956 4340 7296 
113 1423 5107 4293 2061 2406 882 1181 8549 4060 6286 2818 1289 4326 
114 1423 1716 9102 2279 450 7459 5107 8750 6639 2818 9265 2274 7082 813 9688 7883 
115 1423 4704 8720 8793 2270 6213 1439 5678 2124 7956 2524 6258 1042 7709 935 2962 9968 
116 2279 1423 4076 5652 2406 8824 7977 22 7503 2863 2818 9265 6258 935 979 7699 
117 4558 7437 5200 5330 5682 7810 8885 6379 2918 977 6258 935 1042 2962 
118 1423 6379 4293 7215 7611 9102 9363 4880 9688 273 7267 523 3074 2240 2962 
119 5634 1423 7503 4985 7382 1208 5330 9688 5795 4293 4821 1336 4356 4340 6258 2962 
120 1423 4704 4683 2331 5097 8841 8549 8674 6286 6258 4474 4060 4356 6920 2058 4340 7736 
121 5135 8750 1956 6257 7503 1423 4704 8203 5682 6224 3079 4027 6258 3146 4985 9199 8994 935 2240 
122 1423 7156 3297 4293 2034 5634 790 6295 6224 5251 3392 8841 6153 3079 9265 7699 2240 2555 
123 2279 5135 8750 1181 7925 3682 6249 1423 8600 1956 6258 9265 3543 2962 2240 
124 2279 3895 3297 4060 1423 9442 779 6639 10 4814 9688 1905 8600 2406 4985 6014 6258 2240 
125 1423 7925 4704 6257 1181 6900 5795 7115 779 191 4340 2818 6258 745 
126 4293 1423 6226 273 1694 6213 8469 1908 8123 1181 4880 450 1956 1625 
127 4293 6598 1423 7414 523 5069 6859 273 8750 3079 3392 1336 4977 4326 2240 4340 7699 9968 
128 1423 7115 8549 1181 6258 790 6859 1336 8835 4293 4821 9305 4486 4060 4985 5880 2962 935 2555 
129 1423 7611 4293 7115 7437 8469 4766 8098 4134 8720 6258 4985 7699 9007 7883 
130 1423 790 1181 6628 7437 9442 5330 6351 8469 4391 5678 6258 9688 3074 321 
131 1423 7352 3888 2926 4293 6639 5135 9123 1208 1042 8423 9265 5401 9688 246 3146 4985 2240 935 
132 3392 1423 3297 9688 6257 3375 360 4704 4705 2279 4558 2918 790 6258 6014 1042 8043 9968 3074 
133 1905 7513 3017 2150 8111 7156 2486 4956 4474 4704 1423 6379 6258 4985 979 2340 2555 79 
134 6257 4293 1423 7503 7513 4704 2263 5795 7925 7977 5769 1956 2240 8994 
135 2034 3888 5941 7321 5107 6639 5069 8098 7082 1423 273 4340 6258 2240 79 
136 7503 3375 5107 1715 5546 2034 3079 7340 8549 7459 1218 1042 6671 4107 1625 6258 
137 790 4644 4704 7977 5634 4856 1423 6519 351 5097 9982 2818 6258 935 2962 9007 
138 1423 7956 4704 1181 2406 7437 6607 1208 4293 6257 8111 8183 1956 3079 3074 6258 5097 979 935 8994 2962 
139 1208 9688 4704 4821 4039 8824 1423 1935 7156 8549 6257 7118 523 790 4027 6258 7880 2240 2962 
140 7611 6257 790 1423 3375 8175 6258 4223 6379 360 2406 523 1181 712 4326 2962 2240 
141 1423 3297 7437 7939 5795 997 6213 4474 1072 7884 6859 1042 7474 6258 2962 
142 6258 8549 5107 7408 5678 4891 2767 4027 1694 7201 8720 4340 7883 2962 2240 2 
143 1423 2061 191 4704 7437 779 3079 9265 7174 9688 5547 979 2240 
144 1423 3375 5097 1208 7381 7082 2408 7956 240 5678 2406 1463 7899 9688 4340 7713 2555 6258 
145 8549 4166 3079 779 6257 4178 5687 6213 2279 8824 273 8498 7474 7434 9265 6258 2240 7699 
146 366 6258 7513 10 3297 5330 7028 4166 1423 7503 5135 7082 9265 
147 4293 790 1423 9265 8469 4644 10 4429 273 8720 1042 5525 4704 4985 4340 6258 979 2240 
148 779 4704 7156 2856 9688 7925 1072 1905 1371 6379 4027 1383 2240 6258 2962 
149 4407 273 1181 8750 9688 1423 4704 2818 7503 3392 2215 7459 4356 2856 9265 3582 2962 2240 
150 5401 3079 6639 5682 2669 5679 8835 9530 2279 2061 1181 4558 523 3074 935 2962 
151 9102 4704 2918 9442 7115 1423 6258 191 3888 1084 5097 4340 3079 7883 1625 2962 
152 1423 1072 246 1181 7437 4356 4704 1956 4541 2818 5660 6257 7382 3582 9688 7503 6258 4326 1383 2240 3936 2962 2555 
153 9305 779 1181 1423 9636 631 3297 6258 1357 7382 232 7459 1625 4558 4340 7296 
154 4704 5135 6258 4223 6991 1423 5097 22 4407 6257 4356 7513 115 366 8549 523 6226 9265 652 7267 3543 935 1534 2962 
155 1423 4558 6226 5769 6257 8615 3392 4077 9688 3375 7503 790 6213 6258 3079 4027 4340 1042 8043 
156 9305 1181 6257 8683 790 1208 6598 7969 3375 8824 8615 2111 4027 4077 4356 4558 9688 8183 6258 4340 7709 9199 935 3074 2240 7949 
157 4558 3895 6249 4293 1905 5204 4077 2034 8549 2167 1521 1625 9688 6258 4340 
158 5634 4704 4076 2406 7925 854 1905 1181 246 5679 7210 6332 1042 9139 935 2240 
159 4704 4077 7115 4293 1208 2764 1323 5097 3146 1423 3876 4705 6379 7503 4928 1956 6258 1728 4340 9265 3074 
160 1423 6351 9562 8768 4704 854 9666 7399 7115 4683 8549 4241 4558 4340 9199 2240 
161 5135 6379 1423 6213 4644 8469 4140 4821 8973 1383 6258 979 4326 935 2240 2962 
162 6506 5107 1905 4704 8469 2406 7503 5552 3375 6226 1042 1871 6258 2962 2555 321 
163 1423 5059 6258 790 6257 4356 5135 6859 9305 2279 2111 7210 360 9688 1625 3074 9968 79 
164 4704 8203 5795 1423 5330 5941 4293 4644 7977 5389 3843 133 5097 6226 4027 2962 935 2240 2 
165 8841 9583 8469 3563 7884 9688 1423 5069 6265 1905 2515 1208 1496 3582 4027 2240 6258 6054 7413 
166 6859 6258 1423 8549 2263 6226 1309 4704 3895 3383 2356 8793 2061 4705 687 935 1668 8994 
167 3375 5634 9666 7611 6257 1323 7503 3843 8469 6859 10 5660 4558 246 8572 9265 5097 3074 
168 1423 2406 8720 4821 6607 5682 1905 5107 9265 6139 1181 9688 8600 6258 4027 2962 
169 4704 9305 1032 1181 2767 1423 7408 1905 5389 246 5069 9688 3557 273 6925 4356 8600 523 3074 2962 935 
170 1423 10 4938 6991 9265 5330 4077 1208 3582 882 4766 9688 4704 4644 3876 5097 6258 
171 5795 1423 2524 9688 4704 3888 6249 5069 6205 9115 5941 7210 4558 4340 9265 4985 
172 6639 9102 7156 4683 1423 9442 9688 2524 4726 2356 4558 5097 7459 5772 1042 9199 3012 979 
173 1423 1181 9442 8835 5678 790 5552 6639 779 8203 351 2741 2555 2240 
174 9688 2918 5795 5059 2406 5961 6258 6286 5107 3843 3392 1181 3079 6170 4326 6054 2962 
175 1423 9265 4293 2524 5135 6258 7156 1181 4683 8750 6859 5795 9688 4340 745 9013 7883 2240 2962 321 
176 1423 1208 4704 8750 8175 9102 5097 4356 2406 5525 5634 2486 9265 1956 7296 
177 9305 7115 4704 9688 2918 1181 4293 5634 6991 8549 5135 935 
178 7210 779 4356 2741 4704 6343 1181 5135 5634 6258 1956 3392 6226 4574 4869 4027 2150 935 3074 
179 4293 2279 6258 360 7215 9827 5135 6598 167 6639 2486 1625 935 2962 79 
180 1423 6213 3079 366 4293 8098 5059 779 8824 3453 5097 790 4340 6226 6258 9199 7762 
181 779 2279 4558 7233 1181 2356 1208 1423 2255 7115 1072 6952 6258 1871 
182 6258 9305 2863 7381 2918 4821 2061 5795 3523 4667 5389 4558 
183 4704 1181 8824 4356 882 9688 5795 1208 1423 6468 3375 9442 6249 6639 3843 1625 6258 3074 2962 
184 1423 4474 5795 7115 6519 9035 1590 2279 8615 9688 141 4558 9265 4362 4340 6258 4985 
185 9688 7437 779 6257 1336 5682 141 1423 2835 3079 790 1181 1208 4340 6258 2818 9199 1956 745 2240 
186 9102 1423 4060 3843 3392 5652 4474 141 5769 9688 1309 949 4429 6258 4558 7899 4340 9013 1625 7413 2962 935 
187 1423 4761 5097 9305 4407 4704 631 4474 3079 6633 6302 6258 9646 4705 3843 9199 9688 2962 2240 
188 8549 4683 6226 9636 3453 7437 8750 141 9507 4486 4362 7956 1181 4340 2643 
189 3297 1371 4293 10 1423 8720 7285 2767 4407 3523 5795 1042 8579 1625 979 6258 7883 2962 
190 7503 4293 8683 4330 4821 4704 2934 9265 5135 296 1871 1625 2240 7699 
191 1423 6519 8549 2406 191 4821 141 1905 2279 8824 7082 1289 6258 2327 2240 2962 
192 7503 5135 1423 7414 8549 9747 1463 790 882 7399 5097 4558 8140 9265 2962 
193 1423 273 1905 790 9265 8824 9305 7228 366 4698 2183 3297 7977 4486 7115 4027 1625 6258 935 8994 3074 
194 1423 6258 3079 8549 7382 1181 2034 6639 790 4821 7977 4027 5069 1017 167 9265 4985 4340 3074 79 
195 4704 1662 790 1871 2279 3660 2741 5864 3375 5795 4558 542 9265 2962 
196 5135 8549 3895 7115 1423 7340 6628 1371 5038 5069 5525 4134 9688 6258 7296 935 
197 1181 5795 6213 5135 790 6121 1423 6257 1956 10 5634 8743 3375 979 935 2962 2240 
198 790 1181 3297 1072 4474 1908 6265 7503 8750 3079 2263 1956 1042 935 
199 4293 4644 2279 4166 7956 4704 5687 3637 9305 4880 4407 3074 
200 1423 3375 6265 5330 1181 8720 8758 790 5704 5795 4333 2279 1042 1383 6258 2555 
201 1423 6258 6519 790 1208 8750 4077 3582 9450 7956 7459 7340 1309 523 7736 7285 9160 7413 2240 
202 1423 6257 6258 1181 3297 790 10 366 2406 2034 4356 519 1662 949 7956 1042 5546 9688 9199 3074 
203 1423 6249 5200 9688 8824 1181 6213 5509 7414 9827 9442 2486 4077 9265 4985 979 79 
204 1423 2124 3297 7977 4486 4293 6639 4704 9728 1181 3017 5097 4558 6258 6020 935 
205 9688 2918 1423 4704 191 6286 779 3843 3536 790 4558 1956 3074 2555 
206 6258 4486 6213 5097 1181 1244 3582 276 2408 8098 6639 6991 6628 5948 6139 4340 935 
207 5107 6628 2279 2524 3297 1905 8758 5389 141 7628 9688 6226 2240 6258 2340 2962 
208 1423 8549 4704 7925 8469 6468 4293 273 3375 4027 6258 4060 949 7713 1625 4558 745 3074 979 79 
209 1423 9688 5107 8549 5218 8750 2918 4726 8010 4060 523 9265 6258 4558 1383 1042 2240 2962 2555 
210 7340 3297 6257 9530 5330 4891 6258 1423 8203 4330 4558 1181 7956 9265 4027 523 979 2962 
211 4293 790 5135 6258 2918 2767 141 3297 3453 6557 2602 4134 1336 6054 979 8994 79 
212 1423 4821 4486 2741 8175 2918 6479 4766 7082 3843 1181 6257 9102 4558 6258 4060 8043 2240 2962 
213 8549 8615 1181 1423 2741 4704 7028 790 3888 5546 4761 6258 1625 979 1668 2240 2 
214 2406 4076 5135 8549 9688 6468 5059 6286 4474 4060 9265 2962 935 
215 6249 6639 5097 2255 1423 7459 2406 3888 8549 273 7503 8841 813 6258 9688 4326 935 
216 1423 6257 6607 8549 1017 9318 3888 7381 4429 6258 9688 9265 4340 8841 7762 2962 
217 4704 1423 8750 6257 9265 141 7437 5552 790 8549 2918 7459 246 1042 
218 1423 8469 6286 5069 351 2215 5634 331 1181 7459 6258 1625 7949 
219 6258 273 1423 7503 4704 10 6213 7437 1072 4474 7956 9688 1181 9265 412 979 2962 
220 1423 7437 4704 7638 1181 5135 790 9305 9104 6258 5795 3543 2240 
221 5135 2406 1423 5097 8720 1905 1181 5634 167 4541 4704 7156 6258 4340 1042 7736 2240 
222 5634 1208 1423 191 7977 4293 273 4704 7909 5552 6014 6258 1042 7296 7413 
223 7503 6257 5634 1423 4704 790 5135 5682 6519 9305 949 5097 4340 6986 2327 6258 2240 
224 7115 1956 6258 1423 4704 5634 5660 7503 1357 882 4474 7459 790 5155 1042 1625 2962 2240 935 
225 4293 6628 6257 9102 10 7503 1181 9507 8549 5330 6859 4558 9265 6258 2340 2240 2962 
226 1423 779 1181 6859 5795 9305 7503 6257 273 9265 1020 4474 2264 2524 6258 7285 4985 2349 450 6101 2240 
227 1423 790 1181 3375 6519 3017 631 5769 4077 9688 2918 232 6258 1323 9265 4985 1625 7736 2240 3012 
228 1423 4293 1072 9688 7115 6213 4704 779 6249 246 1625 5660 4558 1905 6258 2818 2962 2240 
229 141 4704 1905 2524 7028 9666 9688 6226 790 6859 4223 1423 1662 6598 6258 523 3079 8841 979 352 
230 8750 9688 4293 8549 9265 1423 1905 1309 4704 1014 5652 5097 4134 4558 6258 4340 4326 2962 979 
231 6519 273 6258 7925 8549 6295 6639 7115 3582 7270 542 5546 3024 4356 1956 4340 
232 5330 4766 5795 1336 4340 6859 4293 779 9442 2331 4704 6213 3079 1042 1625 2962 
233 246 4027 1181 7503 5069 6257 2167 8793 6332 4558 6777 7977 7638 2406 5795 6258 
234 4293 790 5097 1208 4938 4761 4704 4766 7437 8549 7399 5660 1625 6258 9007 935 
235 1423 1181 9688 9816 6639 4704 4880 4486 1357 7321 6286 5330 542 450 6258 3963 1625 1042 7880 2 
236 1423 3297 6257 2034 3079 5634 790 7638 3375 5011 4429 6226 6258 6613 
237 790 5059 5097 1423 2918 1181 7382 3888 1017 4293 1956 6258 2240 
238 790 6249 4644 366 1336 6468 7503 4407 10 4558 232 4766 7513 9646 7956 1625 6258 4985 935 2240 979 2962 
239 7115 8549 4821 7503 1181 8469 7233 8249 5097 4293 7399 4060 9265 2741 8841 9139 6258 
240 1423 1181 3557 4704 4293 7503 8123 5634 4407 4558 239 9898 9265 7513 3843 3012 
241 790 6258 1905 8750 1423 7382 6249 2486 9688 2210 1011 5660 3077 2340 
242 1423 2279 4704 4821 2767 790 6265 3582 21 3970 1796 6258 2340 8994 2962 2240 
243 9305 4644 4704 6258 1423 2061 3017 4856 7503 8841 3079 1383 3074 
244 7215 9265 6258 5634 2918 1581 3895 7969 8203 8416 6598 4293 5401 2962 7296 321 
245 4704 7503 1423 5795 4356 5389 7434 1357 7459 8793 4293 3860 4340 232 9688 6258 6014 4027 745 935 2962 3074 79 
246 1181 1423 8549 4474 2524 6257 790 4704 5961 4766 6628 7503 6258 3074 3012 2240 9007 
247 1423 4704 1357 7115 3297 631 4039 9363 5059 9464 4340 2240 3074 
248 1423 6257 5330 3297 5769 4293 6639 3017 273 790 7115 4326 
249 1423 6257 3902 5135 6633 4330 4077 2524 4761 9583 4333 1572 4985 9265 6258 9199 5307 2240 
250 9688 790 8549 6257 9265 997 5135 4356 7437 3888 2406 8793 9398 6351 8841 6258 9007 
251 1423 7382 6265 8793 790 5011 4178 3079 779 7156 4558 5389 6258 
252 4076 6249 4166 779 4474 8111 8895 813 7977 4558 450 3074 1289 1668 935 2962 
253 6213 779 1423 4474 5941 4407 240 1662 6309 4356 7296 2962 
254 7503 3297 790 9688 4704 4821 1423 1336 10 4060 1357 2279 3820 2818 4027 6258 7296 7949 
255 9688 4704 9265 3563 5097 5769 1715 2863 3729 5069 7562 2918 8570 949 7521 6258 1383 2349 
256 1423 4293 6257 8549 542 7485 4704 6129 6295 1956 1020 7503 3296 1042 8841 2240 935 3074 
257 1423 4474 345 5652 1905 4293 7810 6103 4821 8549 1496 2240 6258 3885 935 
258 1423 6213 5135 1017 9305 5069 296 8549 4060 4704 4340 6257 1181 4985 9265 7899 813 7233 2962 2288 2240 
259 4704 9265 3079 8793 1423 5059 5069 9035 949 6777 6286 273 6258 5211 6014 7856 7012 1956 7296 
260 1423 6257 273 3017 9583 5107 7925 2061 5795 4574 6258 4558 1383 2240 
261 1181 1423 6607 779 10 2406 7925 4558 8549 4293 6351 9265 3079 6258 7012 4326 2240 935 8994 
262 9265 5634 4644 5107 4027 2918 6258 7340 1905 6639 9305 8566 511 8600 523 1956 
263 5135 8549 6639 5795 9688 5059 7115 1357 8750 3297 246 4705 9265 5097 6258 4985 5307 
264 1423 4293 1905 4704 6213 6258 3296 7503 7611 2270 7210 9265 450 6492 935 2555 
265 5634 6379 4077 6224 1309 8750 9688 6121 6707 2240 2962 9007 
266 9305 1796 779 7156 5330 4704 2279 1423 4808 1181 8600 9428 4340 1042 6258 7699 3074 
267 1423 9688 6258 3895 141 5135 8111 4704 7115 1181 8750 7028 1496 6213 1956 5097 7210 4340 2240 
268 1423 8549 6258 2918 9265 4644 7503 790 4474 5135 1905 1042 2863 1625 6351 4340 3074 
269 1423 8469 5135 4293 4704 6258 273 1244 8183 7437 9646 9688 2240 
270 1423 790 5135 6213 1181 2279 5678 7082 6257 273 4323 1273 935 2962 
271 1181 1423 5135 5107 2918 779 1072 9442 3637 7977 3582 6258 1625 6054 935 
272 1423 2918 6213 9450 3557 5769 4474 8469 7399 9265 6258 352 935 2962 
273 3079 3392 9305 7115 6213 790 6286 8469 9442 7321 6469 2918 6258 9688 4985 4340 979 2962 2240 
274 1423 4293 7382 2210 7115 7503 8793 141 2524 2926 4340 3079 8539 935 
275 790 6257 141 8793 7382 6258 5798 1905 6607 854 1072 5525 5069 3079 4356 9688 496 9265 4340 8043 745 
276 7156 7437 5135 1423 7459 6258 6628 2356 4356 450 9265 2406 790 7513 1601 4340 7949 2962 
277 9688 790 4704 1423 6639 1072 191 4644 5097 6519 7399 2486 7503 2818 935 
278 1423 4704 790 9583 366 6249 7115 4486 6258 4644 6607 4558 1956 1336 2240 
279 7115 1423 6258 351 4474 8768 2856 7474 5135 4407 8835 1020 3820 7713 5097 1956 9199 979 3012 2240 2962 
280 4704 1423 7115 9688 6258 8549 790 4880 1905 3843 5135 4293 4869 3820 2962 2240 
281 3895 790 8615 8835 5678 1423 6379 4486 1463 5682 6351 9139 6258 9199 3074 
282 3017 8123 2918 5097 1423 8793 4486 6257 1908 790 7490 4356 6332 3079 3074 935 
283 1423 4356 4076 7115 1357 5135 8841 2515 4766 4429 4293 9265 4060 1042 9688 4326 
284 1423 6258 6121 4429 3079 2186 3392 3375 3453 6379 8549 8835 4340 7296 2962 2555 
285 9265 1208 4704 5634 5107 8549 790 2210 7156 1463 3297 4340 4027 4985 2962 979 
286 1423 4293 5135 7115 5069 7028 5107 6859 4027 8793 8549 5038 9688 3079 6258 935 2962 
287 1423 1309 4704 4558 3743 4293 7028 3888 8841 1181 1208 7884 2240 
288 8549 1423 6519 2279 360 3843 6257 7115 3523 9305 1905 6258 1542 7413 6613 2962 2240 2 
289 790 1905 4644 7115 6258 6639 9646 4077 7747 1423 6519 1323 6213 273 8793 8570 1871 2340 7296 935 
290 4644 1371 4076 8549 1181 4704 1423 5552 1439 9102 6258 133 745 7949 2962 
291 1423 8549 4558 8750 4704 5107 7810 1208 2918 3582 9265 4340 6258 1534 9968 
292 2279 273 4060 1905 4356 7503 7925 505 7382 4416 4486 2741 4340 6258 3074 7949 
293 1423 5795 4356 6213 5634 4704 5825 8824 1956 2515 1181 1357 3582 4558 8043 6258 9007 
294 7437 3017 4704 1905 6105 191 4293 3297 2406 2 
295 1423 6258 6257 4644 6468 5135 3888 4039 2402 3465 2863 5097 813 6054 9199 2962 7296 935 
296 1423 9688 779 1181 7215 8098 3843 273 4704 4558 8674 9305 5795 6258 5097 4928 6538 9199 935 
297 141 10 8895 1181 9688 4391 1423 2863 7382 7503 4985 7437 6258 1956 4340 1625 979 7883 79 
298 1423 1181 1905 4704 4356 1072 790 5059 6519 1208 6130 2034 7956 4558 5038 712 7434 5097 6258 7296 
299 6258 4976 4293 4693 1956 3079 6014 1905 4683 2061 8750 6639 813 2790 1668 
300 1423 9688 6213 5330 5634 6519 3297 6121 22 8750 4340 4060 4356 1956 9013 6258 9265 1042 7296 935 
301 4293 1694 4166 22 8750 3146 3895 7437 8469 1962 4060 6258 511 3885 2962 9007 
302 6639 5135 6213 4761 1423 2167 2284 8674 2406 6258 1042 4985 9007 2962 935 7296 
303 1423 2279 273 2061 5200 7503 8175 7340 7267 4027 6258 1042 7699 7762 2962 2555 
304 5634 2515 1423 3017 8549 7956 9442 9305 4821 4644 9688 5401 8498 935 6258 79 3074 
305 5535 141 7118 7381 790 5634 6258 3392 1181 3375 9666 9688 2741 3079 4356 1252 935 2327 2240 2962 79 
306 4293 7503 1423 141 5135 790 9305 4704 7340 3079 1208 4558 5307 1042 1625 7699 2962 2 
307 9688 1423 3297 1181 2486 4821 4076 7437 6519 1905 4704 4356 4407 4340 1042 9013 2240 
308 5135 5795 1423 9530 5634 6639 2049 5679 6258 366 5182 9305 8043 1956 9199 
309 7115 1423 273 1905 4704 5634 6258 1357 1181 5183 6257 1017 9013 
310 1423 5682 1181 4704 9305 5107 6258 4039 6628 5552 790 1414 1042 9688 4340 4060 4134 2340 935 7949 
311 1423 1336 9442 6258 9688 6249 4166 5634 360 8566 8793 5682 6859 4356 2962 
312 4356 6014 4330 4644 7233 7977 3392 4558 790 4027 8190 5552 1905 2034 6413 8841 8579 4326 979 5880 
313 7115 790 1042 6628 1622 4705 4293 5059 246 8793 6309 296 4340 6920 5097 979 
314 790 6213 1423 4293 9305 5634 9265 2406 7082 1072 141 8203 523 2818 450 3074 9007 
315 5634 4683 9305 1905 4076 7210 4356 141 4704 2524 5509 10 7434 6134 
316 2061 8758 4474 2279 1439 6519 8549 5135 8469 4558 4027 1956 9265 6258 4340 935 3074 979 
317 5135 1423 5097 6258 1905 1208 6257 8549 4766 8750 10 7115 7513 4704 8841 3079 4340 9265 7413 
318 1905 4293 1181 6258 2406 5135 8750 4704 6249 1423 3895 745 1534 
319 1423 7503 5135 1905 8549 2356 4474 7028 790 4340 8111 6258 4027 979 
320 9102 5107 6257 1423 4293 8824 7977 1208 6519 5679 9688 3375 1042 4340 7713 8841 6258 3074 2962 
321 1423 8758 5011 6425 2356 6286 3194 1905 790 
322 8549 1905 6519 5107 2061 4541 5182 4704 4060 854 3895 4880 9265 6258 4558 4340 9968 2962 
323 6257 1423 1181 1323 7115 2918 4293 6859 790 7321 8720 4060 4704 1032 1042 6258 
324 2314 4821 6859 4076 9827 1423 273 8720 2486 4027 5795 3885 9013 6258 9265 
325 5135 6607 779 6258 4076 6257 2406 4356 4293 1423 6226 9265 4340 3074 
326 4486 1181 5069 1423 5634 5107 1640 7115 8111 366 5682 7474 6258 3079 8566 935 2962 
327 1423 4704 8549 5634 3843 1181 7156 4293 351 3297 1905 1042 9688 
328 790 1423 5795 7437 6213 6269 3297 9551 4683 7434 7977 9450 141 1042 6258 2962 
329 1423 1181 2515 790 8835 6859 5097 3392 3297 2329 6249 5660 4783 9265 6258 1625 2962 3074 321 
330 1423 7503 3714 8469 790 779 4644 5097 4938 10 1908 6258 935 3012 9968 2962 2240 
331 8549 1423 8469 7503 4704 2918 273 9530 5825 1181 1956 450 3146 4985 6258 935 
332 1905 2741 6258 141 6519 1423 7210 2167 6639 1371 9051 7513 9688 4766 5097 5135 9013 4027 4340 979 2240 
333 8469 1423 9688 7082 1371 2406 3297 5097 4356 7382 3392 9265 6258 997 1042 7285 4340 1625 6613 
334 1423 790 7082 7977 7925 779 4060 1181 8123 7115 191 5069 2962 1668 2240 
335 1423 6257 6639 2034 7939 4704 3079 9688 2741 4726 6332 7485 7118 6213 1181 2486 1042 1956 4558 8470 2240 2962 
336 1423 9688 4340 4704 7437 9442 1181 3582 4474 5069 5795 3743 1020 8416 7459 3453 6258 1625 2240 
337 779 1423 7925 1181 6258 5634 3375 9442 6286 6343 1439 3079 6332 4134 9265 9688 4783 450 4340 1383 4985 9199 79 
338 6213 1423 4293 2863 4558 8175 2408 4060 4705 5107 790 2486 355 9688 6258 9265 7736 4027 2962 
339 6258 1423 4293 8203 6249 4644 5634 6213 5864 5097 9688 7474 1496 4340 3074 2962 9007 
340 9688 1181 3297 9102 6628 4704 7503 4558 1423 4416 7638 6519 1956 1625 3074 935 2 
341 1423 2524 6213 5330 5795 4704 4407 2263 6607 9265 7082 4766 2863 4705 5097 2486 6258 8183 9160 
342 9305 5135 6213 10 6258 4938 3992 1181 7006 7115 3079 7513 7437 7426 4027 1042 2962 
343 5330 4704 1423 779 4293 2918 3660 1181 8527 9265 6258 1625 7736 2962 2240 
344 4704 6258 1423 1905 1181 2406 8750 5795 854 7382 1908 4356 9265 1956 7709 4027 2962 
345 2486 779 366 790 7437 8720 6257 519 4705 9530 4407 9265 10 6258 1042 979 7296 2962 
346 6991 4293 1181 1423 1208 4356 6859 9035 8854 9688 5097 5135 3189 3563 9265 4340 7699 2962 2240 
347 5634 631 3297 1423 779 1181 8111 7115 1371 3375 7606 450 9688 7434 6258 4340 979 2962 
348 1423 1208 8793 9688 5682 7028 854 6257 1371 1908 7939 9265 6258 4985 3079 7296 1668 2240 
349 9688 7503 8750 2741 5069 2524 6257 3079 790 3375 1423 5795 4704 4356 7012 4027 511 6226 5251 6258 2240 2962 
350 1423 5634 1336 6213 6257 4293 9035 6468 3392 2406 5097 1383 
351 1423 1208 5634 1323 8549 1935 3860 8750 6258 4293 3297 7210 1020 9265 4027 9688 3074 2240 935 2962 
352 4293 6258 5552 997 7884 1423 5059 3079 7082 7503 1336 141 4726 9265 2240 7762 935 2962 
353 6257 273 5069 191 4474 4644 4704 7028 2602 246 1956 9265 1625 3074 6258 9968 9007 
354 1181 1423 4704 2210 366 5652 2863 6213 7437 3375 9688 6258 133 4558 1496 4027 9199 
355 4293 191 1423 5704 1208 3079 4644 4574 6258 6633 7459 3895 5059 1956 7285 2240 2962 
356 4704 1181 4486 8750 7115 1323 5634 2669 8835 6633 8841 9265 6258 1042 450 979 3012 3074 79 
357 6628 7437 5704 1423 6258 4788 7638 2515 1956 7810 6213 9265 4340 4985 2240 
358 3194 4821 5634 4486 6213 6170 1371 1796 4293 3297 1871 6258 9199 3079 4340 935 2240 
359 4704 1336 4766 4486 1423 2524 3079 6961 8469 6351 7503 7611 2863 4060 4558 1719 7285 7699 935 3074 
360 4704 351 5634 8549 6351 1796 4356 6628 2767 7513 4293 8570 1956 3079 5097 6153 2240 1668 2962 
361 1423 5059 2486 4293 3876 232 6258 4704 7437 3888 1042 1181 8600 5948 9265 4326 7709 7883 2240 
362 1423 4076 2835 5107 2061 1072 6249 2486 3079 9688 9265 3074 2962 
363 4293 4821 7437 296 1371 2279 1423 3297 6258 7082 4071 4985 9013 2240 2962 79 
364 2034 6249 4704 1905 1376 1336 7115 1423 1181 8750 813 5359 9265 1042 8841 9160 6258 7296 8498 2240 2962 79 
365 9688 1423 2515 1715 1181 4356 6258 4077 8750 5660 4629 6379 6257 4558 8841 2215 1625 6001 4340 935 4985 450 2340 2240 
366 7340 2918 779 6257 1309 2061 5183 366 6258 7474 8600 4340 9265 4060 7296 935 
367 1208 3843 9688 9827 7115 1423 4558 7304 7382 7270 4429 7925 7956 450 1871 7525 1042 3751 6458 3074 
368 6258 779 5795 4704 3345 6249 7115 8835 1208 790 7381 8841 1625 935 2240 
369 1423 4293 5795 8895 7028 4726 9982 3582 360 4407 790 7210 4362 7296 3543 6258 2962 2240 
370 1423 4766 7156 273 3375 2408 8549 1181 1905 6257 728 6226 141 6258 3079 4134 1625 
371 9305 6519 7437 4704 10 1423 6258 6628 5389 8720 3297 6588 2058 246 9688 6014 4340 1625 8043 7709 
372 9688 5634 2279 4704 5795 8549 1181 1694 9442 8203 1590 5798 4027 2962 2240 79 
373 6258 366 8549 1181 2061 6519 9305 8720 9688 1590 1357 6257 1625 8841 935 
374 4293 4704 5825 8549 2279 3297 1423 8138 4356 5059 1042 4340 7713 2240 935 
375 8549 1908 3005 5183 3375 7437 2767 1181 3563 1905 8111 1208 6258 4027 979 2555 2962 
376 6213 1423 8549 3297 4704 790 5634 6519 9442 4077 7976 345 9007 2962 
377 4704 1181 8835 5107 5795 4705 3843 3392 6258 6859 1423 6332 2818 2669 6014 4027 2264 5880 
378 1423 3297 3523 6213 6121 5682 4704 6628 3079 6417 4060 9688 6258 2962 2240 
379 1423 1208 4077 6257 1181 7503 3563 115 4704 7437 2918 8043 6258 7296 2962 2240 
380 8549 1181 5634 7082 4486 273 1423 2279 5097 8123 5135 5069 6258 9688 8841 450 4558 9265 3074 979 
381 3297 2279 4644 5135 1905 2314 1423 9265 7082 8720 6258 4407 9688 979 4340 2962 
382 2524 1423 9363 779 1181 3888 2918 9442 5525 790 4060 9688 4558 935 2962 2240 
383 3297 1423 4704 3860 6607 4356 3079 5634 229 5135 4558 7210 4340 523 1289 
384 1423 4644 1181 7115 6639 4704 5182 5634 7156 2515 790 4134 4928 6351 935 7883 
385 9688 9305 8549 7082 4340 9102 2408 5069 1020 3392 1423 8895 4558 9583 4362 6258 7296 9007 935 
386 5795 2270 631 1181 5135 4683 7437 8549 1072 7457 6014 2962 
387 1336 1423 6258 273 5200 7977 6628 4869 7382 6332 6468 4429 4929 8212 4340 2340 4326 9007 2555 
388 1956 2356 5135 8615 2210 4704 1208 360 2918 4407 4985 6258 
389 2524 1423 4704 5069 360 6257 691 9265 4356 6519 790 1181 1128 1694 232 1956 4558 6258 
390 8793 7381 4704 9688 4293 3017 6639 8469 5069 4166 4027 6588 9265 2962 
391 6213 2406 4293 1423 8549 3582 7215 5795 1252 6258 5687 273 4985 1017 3079 9265 4326 6134 8994 2240 
392 1423 4704 6258 3296 4474 5634 1020 5135 8824 2767 2279 3074 935 2240 9007 
393 5097 1423 4293 5682 5107 5069 7638 9442 4572 2918 5247 7736 6258 
394 9688 4293 1423 1336 7414 5634 3024 6257 4704 5097 1208 3392 4077 6258 3079 1871 2240 
395 8549 4644 4293 949 4704 7503 2602 2061 3375 4077 6258 4326 935 2240 2962 
396 5795 6519 1905 8549 2406 8841 1309 141 4474 1423 2515 4766 4574 2263 8043 6258 2962 
397 8549 3079 7414 854 4766 1181 6258 3888 8123 5097 6468 3536 5704 4558 1956 
398 4407 1423 7503 790 3017 3888 3297 3843 10 5350 2486 4766 4340 7899 2240 
399 4704 9688 1423 6639 4356 790 273 6258 5097 6991 7513 4407 7503 4683 7028 9265 9199 3074 
400 4704 5097 1423 6258 4821 7115 1020 6669 1694 1017 8750 2263 1181 1719 273 6351 9688 3074 935 
401 7503 1072 2741 4704 9442 9265 5652 1423 9318 5330 9688 3895 6639 4558 2818 2962 2240 
402 7925 9265 7503 854 6257 6258 8750 6224 273 1357 1181 8841 4340 450 3074 2962 
403 3297 6265 2486 1181 7408 5552 2669 8750 9265 1715 4766 5660 345 4027 4340 9199 
404 8615 4293 8098 7028 9666 4755 7459 4704 1181 997 3375 1423 9265 4340 4326 7874 6258 2240 
405 1423 3079 8793 6213 276 790 4486 5692 3616 1181 8835 2034 4985 9199 4340 9007 2240 
406 3375 1423 4704 779 1905 141 4558 790 1208 1908 9115 1336 4705 7977 4356 6258 3050 9265 1042 7880 3543 8043 
407 1423 4704 5634 6257 1072 8469 9766 4293 2554 8549 9199 6258 8043 2962 
408 6258 2034 8549 1423 8750 2863 5330 2918 9636 4178 273 4356 4340 2962 
409 790 6607 5059 7969 273 4474 7437 3895 2255 6258 4356 5097 1625 2962 9007 
410 1423 779 4293 7382 9305 6265 7115 4060 496 4039 2741 4340 2486 1956 3079 4985 6258 2240 
411 4704 5097 2279 4683 6257 9265 5135 7810 6457 3297 3079 1625 8841 9688 450 6258 4340 9160 935 
412 9688 1208 360 7174 7503 6468 1181 6588 5330 3297 1371 5660 4558 6258 7880 
413 9688 5135 4293 1072 4644 4541 3079 4704 4340 8841 1423 1181 5097 7824 4356 9265 6258 3958 896 1383 935 
414 8549 1423 5634 3297 191 5182 9688 6226 2356 3106 4474 6859 6332 9265 6258 2240 
415 4293 9530 8469 4704 790 1880 5617 273 4060 1181 4705 133 3970 2240 2962 
416 4704 5093 1072 6519 6379 790 779 3392 3297 1181 1625 7709 2555 3982 
417 5135 1423 779 3392 7503 240 4572 9442 882 9102 2240 935 
418 1423 4474 6249 6257 1715 4356 8768 6258 2356 7884 1905 523 9265 2962 5307 935 2240 321 
419 790 2034 1694 6258 6213 3582 7969 4077 7513 1423 4704 3888 1020 276 3074 935 7949 2962 321 
420 1423 9265 191 4704 7437 1905 6258 4293 5135 7156 790 4356 4340 5307 3074 7762 
421 4704 6257 6258 3297 4644 9666 6316 1181 7215 5795 7503 276 3843 7709 2240 2 
422 1423 8469 790 4880 9688 4340 1181 5135 9442 4704 6224 3582 2515 9666 2264 4356 6258 7296 3012 
423 9305 9265 4704 8835 2279 4558 9530 7503 631 2767 7459 4027 6258 6153 1042 450 935 2643 2962 
424 9688 6258 1423 7115 6628 8549 790 1208 3375 7810 141 4704 4356 3297 8600 1956 4340 450 2240 
425 4704 1423 5660 1181 273 523 8758 8549 2406 5069 9305 2061 4541 7321 6014 745 6258 2240 2962 
426 6226 3375 10 9265 5107 4060 8793 9102 8549 1181 6343 2406 5135 6332 5687 523 6258 1871 2962 7699 
427 1423 1956 4293 5401 6249 4644 779 6639 6257 2279 8841 4766 7709 5097 1430 6258 6153 4362 7883 
428 9688 1423 4060 3392 3297 7459 7503 141 3616 2918 6468 6859 5330 9265 8841 4985 4340 2962 
429 1309 2255 9305 1423 2524 8615 4293 4558 9688 7521 7638 8793 6258 9199 4340 1984 
430 6258 790 1423 9305 5634 7381 4558 7115 9728 6859 7382 6213 4077 3543 
431 6607 4060 8975 1935 8123 273 3563 6258 8549 1715 4704 1181 703 3827 4985 7699 979 935 
432 1423 790 8175 8750 5135 7408 3079 2279 4891 7513 246 6258 9265 2486 2555 2962 2 
433 5634 1423 5097 7437 6257 8549 4704 8720 2918 2406 6014 1383 6258 4340 6613 
434 4704 1423 9450 6258 2279 7503 7156 6628 4880 3297 6413 6226 450 3543 2962 
435 4178 790 9265 9688 3523 7233 1072 2061 6639 3297 6309 6379 1336 6153 6258 3074 9007 2240 
436 8469 1423 9305 1357 5135 141 2918 5692 4293 6258 979 
437 6519 6257 6258 9688 1908 360 4880 6249 4704 3523 5109 7399 1336 1625 1871 4340 935 5880 2962 6613 
438 1423 5795 360 8824 3392 8111 4356 9305 6249 2532 8123 3079 7399 450 1383 1871 3074 6258 935 9007 
439 1423 6258 7503 631 5059 2356 4293 4667 9442 9265 5069 5097 3079 8711 9160 6014 979 
440 8549 4880 9688 2741 366 790 4474 5552 2356 8046 8895 4060 3079 6332 4558 9265 6258 4340 321 
441 7437 4293 4821 1423 3297 7082 6607 273 4704 4407 6258 9265 4985 7296 2962 
442 1423 779 8549 790 5795 7115 5769 5330 9747 6258 1463 2150 3074 4035 
443 4293 2918 4644 3895 7490 6525 6639 3843 366 6257 4880 8793 1042 5097 8043 4326 5359 6258 3074 745 2962 
444 4356 3297 1905 790 2406 3375 5069 1423 2515 4821 5135 9265 5682 1728 4985 9968 7949 
445 1208 7437 4644 4704 1181 7503 3079 4558 2406 1423 247 9265 3375 2863 4340 7012 6258 7296 2340 935 
446 7115 7437 4293 1181 6519 790 2255 366 5948 1208 4891 9666 1625 4340 2486 4985 5053 6258 4326 2962 
447 6249 6257 1423 7082 7115 8579 8674 5059 6286 3017 8600 6258 6054 3074 2240 
448 779 4166 5135 6639 4938 8123 191 1423 232 6343 6258 246 9688 496 9199 3543 3074 
449 5795 1423 6258 7503 5135 4293 191 5652 9636 8824 4340 9688 9265 1625 935 2962 2240 
450 4704 1423 1181 10 8123 9666 4293 2061 7956 882 5929 790 6258 523 9646 
451 8549 6257 8469 6859 7977 7513 1181 9636 2034 7437 9442 1042 1625 4558 1962 4340 935 2240 2962 2288 
452 4704 9442 3888 1423 360 7156 790 1309 519 8469 4985 4340 979 
453 1423 5135 6257 6265 1336 4704 790 2486 7082 3557 9102 9305 7977 
454 1181 4821 4558 6249 4880 3375 8841 8549 3017 3888 8793 5182 2741 6170 1042 2240 6258 2962 
455 1423 1905 5097 4704 3453 5135 8758 5678 6639 9728 2863 6859 1181 7399 6258 4985 10 5401 1871 3074 2240 
456 1423 9688 8835 3375 2515 8469 7382 1956 3017 3563 1181 6258 450 
457 1423 10 3024 9688 7340 4704 4039 8287 6519 7115 1336 3375 6258 6639 2143 511 6014 4340 979 935 
458 5069 1423 790 360 1181 2061 6258 3557 7977 7437 4938 8579 2111 4558 
459 1423 4704 6265 4474 5097 4293 854 9305 5059 6258 1181 5660 3074 6054 2240 
460 5634 4558 4356 4027 2406 7459 3888 4704 2918 9265 8123 10 6213 5660 8841 935 2240 3074 
461 1072 8750 1694 8549 4293 9721 5634 7006 3297 7977 1625 3885 
462 6258 1181 6628 4429 4704 1423 1796 8683 142 5825 4293 8750 3050 6014 1383 7709 
463 4929 6258 1423 1181 523 9688 779 8549 8758 5634 7513 9982 4474 3895 3563 6054 1625 9139 935 6613 9007 2962 
464 4293 2918 5097 5069 9688 1423 7321 5628 7115 3682 6519 8793 1796 6258 7956 2038 1042 979 935 2555 2240 
465 9688 6286 790 4761 4356 7687 7437 6258 1905 10 2279 4060 1956 8841 3079 9265 6920 7880 7296 2 
466 4644 4293 5200 3888 6332 2918 6519 6379 4558 9688 1423 4985 1042 3074 6258 9199 979 
467 7382 7503 1423 273 4704 2515 8549 9305 790 4891 9688 6258 4340 7413 5307 
468 6257 7340 1905 10 6557 296 6332 6351 6213 6258 7925 8793 3781 9688 7267 2818 3543 2962 
469 8549 4766 4704 4293 8416 3297 1908 5692 4938 6519 1871 6258 1042 4340 9160 2240 2 
470 1423 1181 7503 6257 4704 273 6519 3297 9507 6121 1905 9265 8600 4558 1496 3074 2555 
471 1423 4704 6859 4077 2279 6991 9051 790 351 10 6628 3843 6258 7296 79 
472 3392 3297 7382 1423 7215 2515 8835 4704 3375 2486 9688 6258 7880 3074 9007 
473 6258 3895 5634 5135 2061 5350 2279 2486 4293 360 5097 9265 511 4340 4985 
474 1423 1181 3392 4293 1336 790 7156 4766 6633 3895 1694 1208 6258 5097 3453 4558 6226 3079 6014 935 2240 7883 
475 9688 9666 141 4293 1590 1662 7503 3079 6258 7977 5059 2270 4558 4356 4060 
476 191 790 1423 2279 7503 6332 8123 5330 4293 247 6698 9688 7012 8498 4558 4326 2962 2240 
477 141 6258 6468 360 2524 8750 790 5692 232 5330 8835 4356 3074 9968 
478 5135 1423 2279 9688 4821 2356 4293 6258 4356 4704 4039 7513 8841 1871 9265 1625 3074 
479 1181 4644 3392 5825 1423 9265 4474 2248 5011 6628 3362 6258 9666 4060 745 
480 790 4704 5634 2279 3453 2406 2135 6639 9305 7399 1181 6257 6258 2486 1625 745 4340 2962 935 
481 2406 5652 8720 4704 1423 4683 5678 6519 8841 1880 5687 4985 935 2240 
482 1423 3843 1181 9102 6859 5795 9265 5107 7939 167 4726 7503 1323 4362 5038 1042 450 2555 2240 
483 3297 8841 8793 5135 8175 6859 1423 7210 8835 7513 2863 7925 4558 4356 4340 6258 1625 935 6613 
484 5107 4293 4726 2406 5069 1423 191 6258 4821 1072 8043 1042 9007 
485 1423 4683 10 1181 4293 8750 4330 4644 790 6639 6226 4340 6258 2962 
486 1423 4929 7956 4644 4704 2918 9265 7503 9636 2279 790 813 9199 2962 
487 1423 3843 9265 3297 6607 790 4929 1181 8549 351 6859 5652 5097 8566 4060 1439 450 2240 3074 
488 4704 9450 4356 1423 366 7503 6226 790 6258 7925 7156 4429 5660 450 9265 712 4340 2 
489 5135 8549 6468 1423 779 9688 1181 1935 4027 1122 4644 2741 6258 5330 9666 4985 6458 4340 3074 935 
490 3297 1423 6170 232 6257 8841 5059 2406 1181 915 2918 5069 7503 3079 2486 6258 2240 6054 3074 2962 
491 2524 1423 2486 6258 4356 5330 8750 5069 8720 6468 3888 8824 2001 935 2240 
492 4293 4821 2524 6639 7638 6859 4166 7156 2877 5330 6258 5704 9013 
493 1423 8750 2061 1956 5218 6991 1014 9265 6257 6265 4333 9688 5795 6153 4060 6258 9199 
494 1423 4293 1905 4486 5135 3888 2408 4474 6925 4766 
495 1423 9305 6249 6258 2811 2034 6265 8793 8750 6226 6639 6669 1042 4340 6170 5307 2240 2962 
496 4704 1181 7321 4077 5795 779 3582 8123 1423 2767 4178 9442 6956 3970 9265 6258 935 4326 2962 2240 
497 1423 6258 4293 6379 246 2356 4356 5795 5678 7837 4486 9646 790 3079 979 3074 
498 1181 4076 6519 8469 360 5350 7115 8615 1905 3375 6258 4340 9199 7296 
499 1423 3297 8469 8750 1181 4704 6258 1905 4705 3017 5097 2602 4558 1289 979 935 
