100
0 43 38 9 3 32 42 11 97 17 30 24 1 26 104 51 22 47 35 422 93 19 1071 1137 14 288 383 15 91 146 13 66 92 155 8 708 
1 13 159 1 51 9 3 23 42 29 24 8 15 4 74 62 36 11 30 93 323 22 38 19 34 41 32 180 40 110 101 66 425 28 199 176 27 1290 
2 9 12 3 23 21 38 16 15 54 1 59 5 58 20 62 65 24 104 32 27 4 8 33 94 102 10 35 55 28 103 44 156 29 22 83 42 132 69 138 2264 1495 
3 40 68 161 13 19 447 73 170 37 20 60 112 16 31 21 141 147 179 3 121 715 36 105 8 66 75 142 125 222 77 28 5 11 271 199 253 1671 3097 708 
4 229 18 45 91 1 47 0 79 514 30 308 170 38 53 43 239 29 13 60 106 16 173 26 50 54 46 23 131 120 27 126 2818 859 155 1502 7055 
5 10 25 20 35 94 37 12 32 40 31 97 68 15 44 34 18 43 11 53 7 42 4 16 19 26 22 61 93 29 28 65 8 155 1310 
6 20 25 2 23 17 34 10 27 40 41 29 3 44 52 43 18 13 83 108 16 58 9 54 7 38 19 28 26 8 24 0 95 68 82 280 3244 
7 25 6 54 47 3 11 66 55 35 107 39 102 49 10 56 36 15 2 21 13 19 92 250 59 90 46 1 60 9 0 23 7 355 583 1310 
8 53 51 1 50 54 16 240 105 12 32 40 35 13 4 83 7 126 30 33 546 151 178 72 60 65 43 45 63 127 950 21 41 28 155 
9 3 16 31 48 9 19 163 10 38 69 56 44 26 7 34 21 91 40 11 53 13 67 2 59 66 33 58 109 84 110 18 468 120 138 6729 1290 
10 19 0 72 23 38 22 2 3 26 86 8 15 41 59 67 81 18 5 68 43 12 44 139 50 20 160 7 27 9 6 17 138 33 55 71 114 176 2848 5926 3244 1737 
11 4 24 41 60 136 12 23 28 55 22 48 51 75 11 38 5 6 30 19 2 65 10 91 139 7 81 21 68 46 79 142 15 42 70 20 27 138 3975 
12 2 40 9 23 24 10 34 66 18 22 3 99 13 20 17 21 58 46 29 32 117 25 0 137 12 7 54 105 62 83 121 27 65 120 155 
13 13 45 50 70 35 21 109 101 6 25 1 1271 27 124 107 11 83 46 36 17 2 249 15 131 129 567 2464 186 393 32 47 56 1152 2579 2264 1263 
14 185 35 49 73 143 51 121 36 349 0 224 1 25 2 32 174 3 475 4 54 34 65 101 38 22 128 10 7 44 708 
15 11 92 25 31 8 47 54 18 7 16 36 9 19 27 35 17 34 2 13 20 42 12 95 21 4 67 45 3 6 1 43 14 69 32 63 72 1290 1263 
16 170 36 63 167 659 3 51 73 288 76 20 0 66 24 256 25 223 154 848 28 1754 10 6 54 184 40 56 131 19 102 47 948 2 9 128 107 1315 621 
17 5893 19 178 28 66 86 23 42 44 55 85 76 318 94 70 5 93 418 59 150 36 257 247 428 3 9 30 40 34 665 1290 
18 56 18 202 286 5 40 8 6 22 2 15 37 879 213 35 66 48 23 77 11 356 204 189 60 26 152 433 1197 94 59 187 231 4 158 708 1263 
19 1 55 3 8 32 16 298 9 14 47 25 19 67 23 0 11 15 253 33 188 35 91 54 22 37 20 27 49 104 61 80 2 38 98 44 236 69 139 356 5990 2264 5926 
20 16 26 60 48 8 0 41 34 57 27 43 148 66 56 24 1052 42 75 33 12 6 118 19 49 232 21 17 68 210 59 7 907 13 120 1290 583 
21 21 25 47 107 6 124 26 35 13 11 15 44 37 50 4 49 2 19 59 27 43 17 71 1 39 18 105 109 56 9 28 
22 3 16 21 2 27 78 133 47 33 15 44 19 25 0 161 18 72 7 38 23 1 124 8 22 26 55 61 11 9 40 60 139 37 58 5 66 14 45 20 114 859 2848 138 
23 1 35 21 44 11 34 36 4 17 25 139 47 23 50 70 95 22 2 27 124 10 31 32 24 42 55 15 66 58 18 65 57 19 38 253 
24 104 15 28 4 1 3 21 22 91 23 9 42 70 24 10 31 27 25 60 19 128 40 6 105 20 16 67 61 5 0 30 11 8 139 120 2264 
25 109 227 27 129 2587 37 68 69 19 140 2 393 12 31 86 380 101 35 186 147 36 16 47 44 6 1 24 11 83 17 1199 15 199 5 138 1482 2264 
26 66 42 59 8 12 60 15 19 91 47 27 39 46 11 3 18 25 49 43 86 1 6 0 7 23 21 38 4 30 187 120 126 69 138 1290 3975 1310 
27 53 10 16 7 45 12 70 47 15 11 21 30 17 28 151 35 4 60 69 1 6 82 43 54 48 50 41 3 40 51 5 72 122 36 27 126 2591 
28 0 3 148 64 128 22 2 144 9 60 58 32 51 264 88 42 35 41 272 4 121 34 14 67 12 43 114 44 7 53 20 57 82 18 102 164 155 1263 
29 3 35 71 2 131 49 44 36 76 4 48 329 89 118 13 153 57 20 73 360 30 51 11 490 62 19 41 139 37 32 437 109 92 442 252 138 2153 1290 
30 3 9 25 44 43 20 10 14 41 0 19 67 51 102 18 256 22 40 69 149 36 234 61 110 625 150 128 93 7 27 2 47 163 62 968 2848 
31 105 26 40 34 29 25 16 7 43 19 37 11 8 3 28 75 83 10 22 31 15 68 12 2 119 24 82 128 20 13 102 132 554 138 
32 22 1 24 32 19 3 49 15 28 12 34 83 11 55 97 51 16 38 74 65 43 91 88 30 9 23 162 13 5 41 0 60 17 31 114 69 900 3975 5921 
33 54 34 9 174 73 86 50 51 10 29 24 25 8 95 33 28 134 65 47 298 102 18 83 112 61 2 66 11 7 289 39 284 44 138 2848 
34 168 73 137 1 121 11 22 51 35 77 38 18 39 9 4 48 45 15 57 3 46 16 34 21 60 17 49 31 27 216 391 71 44 69 224 1290 
35 8973 272 419 297 1959 88 123 646 42 6137 9957 35 7718 235 3236 1752 7970 259 476 2239 483 1074 1909 5221 6012 344 4164 471 529 836 316 186 14 19 138 
36 406 39 163 26 105 8 11 66 280 15 25 99 49 0 107 24 36 13 119 1080 4 68 85 94 35 27 77 71 120 63 126 1290 554 176 
37 20 35 15 45 24 26 48 3 246 8 36 49 25 11 18 40 4 60 56 90 6 100 88 41 30 19 1 38 12 158 13 46 184 28 138 
38 68 37 147 121 40 20 13 125 73 161 66 28 141 170 29 54 257 253 99 120 3 19 293 60 447 907 42 10 179 8 112 36 906 14 96 252 585 355 549 1671 3097 138 708 
39 56 335 18 322 42 7 22 156 79 30 247 88 337 46 179 102 136 110 55 74 99 143 17 251 96 97 36 39 23 26 38 2 120 8 27 1671 5921 1290 
40 16 18 42 6 68 53 210 43 23 38 13 47 20 34 248 30 31 21 10 19 4 27 63 11 41 24 50 106 8 35 14 60 78 37 5 907 120 859 1958 2153 
41 20 16 27 48 12 38 137 26 17 53 54 18 50 9 60 40 62 21 24 4 59 43 121 44 11 181 83 69 13 15 51 28 156 116 119 554 2848 3975 2153 1290 
42 43 38 20 42 32 51 18 44 205 234 119 34 41 172 46 17 13 10 47 57 78 35 40 69 88 102 23 56 60 63 6 27 53 48 19 121 155 708 138 1263 2848 1290 
43 72 37 9 4 23 20 124 412 76 100 65 52 11 55 70 60 15 6 257 28 59 54 42 66 111 47 8 18 67 3 93 62 14 27 138 2848 176 
44 25 16 48 43 3 4 9 18 95 27 38 8 30 146 69 78 41 6 14 19 256 92 51 7 47 63 75 301 5 309 77 10 40 35 26 122 32 11 120 404 
45 4 15 2 18 47 42 8 1 16 23 156 3 48 11 91 24 135 38 37 12 20 26 32 31 53 60 40 27 67 44 52 309 83 138 6729 5921 
46 22 88 15 47 25 14 11 44 5 31 43 20 2 69 24 0 42 12 38 103 64 59 140 18 50 3 55 186 133 81 61 8 708 138 2848 1263 
47 27 23 17 15 54 16 6 13 45 174 29 14 35 1 32 18 139 47 10 109 129 57 59 2 90 37 56 0 65 66 70 43 58 8 126 2264 
48 67 99 3 21 75 58 9 48 25 34 70 26 0 7 51 53 8 30 300 24 163 79 92 12 22 19 41 134 68 27 56 14 168 404 2153 
49 186 5 59 15 19 63 49 22 68 69 29 47 88 28 4 11 40 55 128 12 60 1 42 61 13 66 77 14 229 6 20 96 142 7 120 1671 3097 1290 
50 69 20 15 16 44 19 17 11 30 28 34 36 14 25 38 10 3 39 22 102 35 85 140 49 18 45 41 31 228 43 5 12 53 301 7 2292 23 7624 
51 9234 33 8783 213 6 23 4705 597 788 4606 288 966 9 22 2410 63 200 508 1728 159 725 334 1989 2420 4847 53 383 6237 1224 3586 198 246 5 70 14 1417 3824 197 5031 977 1263 
52 16 498 38 30 5 18 418 244 310 41 397 68 47 145 67 133 48 868 120 26 951 23 170 63 296 14 0 24 2 211 10 106 8 27 4226 1502 7055 
53 20 1866 3 4 100 8 70 6 9 40 12 216 48 13 73 25 72 51 23 79 2 60 42 55 11 92 62 246 24 54 110 30 41 36 65 121 138 252 948 1077 
54 17 27 180 38 20 32 2 37 44 16 115 35 18 82 14 22 109 88 62 137 43 34 10 54 78 4 119 6 99 40 81 59 24 69 19 199 138 176 2848 1263 
55 8 0 12 2 13 22 65 460 146 10 49 25 88 3 11 9 124 4 34 55 43 21 24 41 44 38 20 53 28 80 189 117 45 27 138 3110 
56 3 25 2 24 44 20 9 38 47 19 10 23 128 0 52 58 7 21 66 181 40 28 6 100 108 154 250 46 13 34 
57 38 43 54 45 69 59 13 25 131 17 27 11 46 111 422 35 32 4 5 55 56 2 49 62 30 53 75 91 16 22 33 26 19 8 708 3975 1290 
58 3 13 22 32 1 9 4 11 73 144 128 88 78 381 49 38 137 40 8 51 23 41 89 161 69 294 121 18 16 47 21 175 2 15 720 114 120 285 138 6604 859 1290 
59 65 21 323 769 75 1011 111 203 31 725 8601 6408 3843 6238 225 2187 1429 64 22 1728 11 1264 1566 216 2295 2479 902 127 82 189 2980 762 1412 58 585 2060 977 1263 
60 38 124 18 130 115 65 122 0 16 235 2 4 59 60 21 37 123 54 238 69 26 143 78 5 105 121 88 22 212 103 310 27 3 39 7 35 44 19 28 138 176 
61 38 12 42 20 45 60 26 50 48 4 43 69 25 54 146 56 2 213 40 22 51 11 422 104 24 30 72 32 16 62 35 5 13 8 78 120 155 
62 25 19 6 34 7 16 92 69 151 10 3 64 248 43 24 31 21 9 8 29 1 17 117 75 47 13 95 20 90 195 27 58 107 164 356 583 7624 1310 1290 
63 8 147 255 34 3 92 86 31 75 25 46 7 51 42 9 16 14 48 21 43 56 19 68 40 168 715 67 13 26 83 475 907 206 1052 1290 
64 8 60 48 46 9 91 11 4 42 13 6 75 3 63 100 49 62 24 26 79 22 158 54 20 163 81 36 30 27 72 146 12 265 38 55 69 120 
65 47 11 22 97 27 64 18 54 59 38 25 35 45 17 173 69 119 82 10 14 53 32 5 16 43 12 131 46 60 65 30 34 36 57 121 8 3244 
66 11 29 77 10 54 13 39 23 82 25 59 36 61 27 4 60 21 95 37 45 33 2 26 119 55 71 1 15 67 20 6 229 252 
67 27 18 1 23 32 65 37 33 13 54 9 35 10 11 51 58 50 15 60 25 21 16 119 70 4 6 45 28 26 2 78 77 7 31 24 48 155 
68 2 24 11 40 76 37 47 58 23 52 170 509 20 279 62 243 46 21 3 31 81 79 60 9 41 4 134 15 83 1 100 48 57 19 554 138 155 2818 
69 63 47 69 6 8 24 43 25 142 38 75 26 111 186 209 22 28 35 15 13 145 778 11 53 6169 4152 512 1696 9 247 422 486 361 66 708 884 566 62 356 176 1671 6165 
70 20 76 69 48 248 83 44 54 38 53 28 24 81 122 66 62 75 39 43 315 253 59 1 56 42 112 55 47 11 65 5 82 6729 3975 2848 
71 68 105 77 37 10 40 2 101 89 30 54 31 7 75 19 36 114 8 28 66 17 41 225 34 29 13 42 92 50 350 164 120 176 
72 216 2 65 20 72 54 38 4 79 84 124 55 24 42 25 6 45 46 37 10 121 36 11 50 51 5 8 174 131 100 12 162 60 41 7 69 28 138 708 
73 3 33 9 69 72 17 11 70 40 50 12 32 16 65 250 1 124 4 92 23 10 99 47 21 30 53 41 163 100 28 44 609 252 120 1495 1263 
74 10 66 38 109 19 59 51 37 39 65 47 54 44 9 2 34 6 28 180 24 43 14 85 20 112 163 40 76 56 130 27 102 2848 3097 1290 
75 25 29 13 8 62 54 10 45 57 43 17 19 34 16 69 129 75 59 173 170 26 64 174 21 1 98 20 37 97 28 55 23 58 
76 22 5 48 47 0 60 14 46 3 35 26 51 27 185 244 16 65 34 38 32 54 61 15 20 30 28 133 21 79 24 17 43 2 62 78 121 8 
77 8733 244 433 81 4138 5350 21 207 161 2 1130 1593 651 2657 173 134 499 24 2517 76 168 273 16 2942 222 19 447 217 635 1407 78 8466 6745 1888 3591 426 1263 
78 23 29 10 21 13 83 9 42 15 67 45 58 44 145 70 1 16 4 47 34 38 17 25 172 5 24 53 18 12 40 292 8 62 126 138 2818 3756 1502 2264 7055 
79 3 12 0 19 87 13 60 5 21 88 76 25 68 62 49 36 55 20 35 498 238 26 2 9 61 169 22 10 115 51 8 11 27 57 224 355 485 138 1315 2848 1671 
80 81 17 69 136 20 4 28 75 54 50 104 24 12 94 65 51 39 137 32 131 214 26 53 42 1 40 46 11 30 224 138 3975 3244 1290 
81 22 11 3 19 31 8 9 49 120 60 12 0 26 1 16 38 23 4 68 21 15 67 14 47 74 32 5 55 34 27 36 59 42 69 155 
82 36 3 20 55 120 38 2 58 52 54 42 247 60 100 56 12 25 22 9 184 63 47 61 41 21 67 5 8 0 565 110 24 96 26 114 82 131 37 138 72 253 28 126 
83 49 12 69 11 38 19 5 66 39 4 1 50 60 30 17 84 59 15 25 13 16 55 43 89 47 28 142 36 20 22 45 120 27 126 859 3975 
84 86 8 15 39 9 24 1 3 26 58 25 2 54 83 40 21 81 20 22 11 46 27 28 34 118 32 7 49 16 33 129 57 56 19 102 138 1737 
85 31 187 18 78 8 3 67 59 88 124 338 123 217 544 158 19 95 130 21 139 15 22 355 38 5 4 121 23 2628 56 938 26 44 1756 419 238 193 157 69 138 176 6729 2848 7984 1290 
86 24 8 50 38 18 21 2 13 16 47 25 30 42 0 9 45 22 100 41 3 68 10 14 11 6 4 60 67 48 20 15 178 63 120 138 708 2818 1502 
87 8 19 3 36 13 179 25 26 130 50 15 101 42 66 72 5 21 92 2 81 169 43 20 30 99 22 68 18 119 41 69 176 138 1334 2848 3097 1263 
88 47 25 21 42 19 92 7 38 6 1 120 3 27 4 36 95 50 11 35 90 124 160 250 113 24 60 86 66 161 2 67 8 9 72 869 554 3244 1263 
89 11 16 21 12 178 64 22 53 27 23 24 10 81 161 6 1 3 70 180 50 47 140 99 127 36 111 66 32 65 139 
90 42 7 19 27 43 34 21 35 38 3 1 60 184 83 9 17 4 14 12 25 90 57 47 6 331 5 92 124 96 0 55 44 51 66 23 138 155 
91 338 47 2477 68 663 644 7 61 0 327 164 60 2 114 42 184 139 46 55 19 39 97 281 228 4 22 70 52 426 6 17 71 104 120 133 84 2492 3244 2591 138 
92 42 3 169 50 179 248 30 8 34 20 13 86 120 24 31 2 1 22 19 11 36 18 100 69 49 60 26 97 68 38 9 176 1958 3097 1737 
93 39 187 49 406 36 71 107 59 15 42 6 60 11 131 25 4 67 50 13 35 56 33 126 122 66 8 152 27 26 160 1 21 70 1951 138 1290 2591 
94 43 11 217 114 55 18 16 402 332 15 77 12 218 1 31 8 32 34 26 318 148 1506 222 22 27 53 80 619 7 21 130 860 209 28 5921 3244 1290 
95 119 59 37 66 152 85 50 200 18 129 19 26 132 103 0 131 54 156 38 65 29 15 12 168 1361 9 27 78 160 58 120 84 62 110 60 105 1863 268 57 82 138 2848 3975 
96 17 131 41 28 68 5 81 67 14 33 7 37 38 10 71 30 42 12 8 18 23 34 54 108 156 72 31 16 4 19 53 94 9 22 120 138 2818 968 1502 
97 6 24 72 69 18 20 42 50 7 45 100 4 86 131 124 11 49 8 9 21 10 3 13 38 277 30 2 52 27 54 60 178 334 28 559 216 120 55 138 121 1077 1263 1737 
98 55 40 42 39 10 11 13 229 77 66 4 68 82 28 23 1 120 139 56 49 61 44 104 63 22 15 374 5 6 76 641 19 52 59 37 355 155 1671 3097 1290 
99 13 25 12 21 67 8 29 38 22 30 18 36 68 7 19 79 15 168 4 62 43 3 119 47 113 27 49 66 406 60 37 71 120 69 2153 
