100
0 43 3 38 9 32 1 30 97 26 24 104 11 19 93 180 288 51 42 756 425 91 1137 422 66 22 13 17 35 92 293 15 331 8 176 155 708 
1 159 23 74 62 4 29 36 34 61 41 237 40 2 505 323 110 210 20 42 76 231 55 9 13 51 81 435 101 12 60 0 138 1290 1263 
2 24 83 16 5 3 21 28 9 38 15 94 179 54 59 12 65 44 1 104 214 27 69 20 32 23 62 102 264 22 30 35 58 132 10 17 25 70 8 148 253 3975 2264 3756 2848 
3 68 40 13 37 20 147 170 121 161 141 73 125 179 447 66 19 715 28 257 54 25 105 31 3 8 42 29 75 99 112 50 253 30 3097 1671 708 
4 18 229 45 91 1 514 308 47 60 0 173 79 54 43 13 19 29 131 30 46 119 2132 1863 779 1843 27 1623 120 170 375 1956 133 37 155 1502 
5 37 10 68 25 97 31 7 18 95 66 11 32 93 19 53 2 96 119 35 26 43 40 48 20 240 12 195 60 178 85 199 135 8 65 155 120 1310 
6 34 41 108 2 137 17 86 145 52 72 89 248 16 23 67 6 96 83 100 10 128 82 172 29 26 71 97 4 255 119 69 7 63 176 138 3244 
7 6 25 47 36 107 54 49 39 55 11 56 2 13 66 46 60 90 10 0 35 250 21 109 3 34 7 45 67 19 102 554 1310 
8 50 105 126 63 546 286 45 72 151 51 33 84 815 53 216 1 92 142 950 147 221 127 64 89 88 283 261 79 46 275 1225 2148 468 1495 1310 
9 31 3 9 56 48 59 38 67 16 44 91 47 19 99 65 8 58 26 105 0 83 7 53 163 39 121 11 412 24 231 21 78 164 120 6729 708 
10 19 0 68 160 18 81 50 131 43 47 26 93 72 139 129 39 138 256 33 86 90 42 66 46 114 14 124 75 55 120 468 2848 554 5926 1737 1290 
11 11 48 136 91 75 6 248 41 84 60 46 79 4 111 142 64 327 51 24 70 139 118 55 49 21 216 7 37 124 45 117 72 121 63 126 2591 
12 40 213 99 18 105 22 46 221 37 117 135 632 51 168 9 94 192 91 121 154 114 181 66 163 88 390 322 13 245 84 65 825 595 82 731 155 554 1502 1310 
13 50 70 1271 101 17 124 15 567 1 27 1156 1042 131 1948 32 233 1959 1438 3324 1677 5834 1152 4 1967 885 122 1105 422 1686 152 2579 126 83 3700 1506 2264 1290 
14 73 185 807 118 1866 143 51 349 89 224 1 20 303 154 153 128 456 71 290 270 30 246 490 28 1097 450 167 131 289 121 32 110 6604 1290 
15 92 42 27 4 8 182 13 77 131 169 113 36 38 3 150 78 31 22 54 173 47 90 21 14 15 16 127 62 202 68 9 19 1027 69 138 968 
16 170 63 659 76 256 288 848 24 223 1754 948 184 191 177 338 1116 461 195 506 214 278 4848 6031 9471 112 5429 4752 1315 1590 5222 380 23 331 485 398 1296 355 621 1290 
17 5893 318 247 418 665 510 257 150 428 454 759 4278 1710 346 3900 3274 7818 633 2202 361 3735 5278 215 547 8015 602 6797 168 285 731 1352 3923 4343 1524 797 6049 968 
18 56 879 169 202 189 60 2 701 267 2128 796 7593 3813 750 1481 2688 979 130 421 1973 506 393 1082 678 790 2990 439 7182 533 77 878 355 5381 708 
19 298 236 633 78 91 92 3797 188 826 98 134 871 33 61 358 116 80 37 88 57 105 168 89 174 599 11 96 139 153 3 309 231 3244 
20 60 148 57 27 42 1052 43 66 12 33 75 49 118 232 13 68 48 210 41 8 907 45 26 140 1 15 129 208 0 90 491 332 1290 2153 
21 71 29 26 99 74 59 325 33 79 218 119 87 43 352 227 292 37 103 12 48 44 606 14 845 124 147 81 163 3158 176 2848 
22 133 161 78 40 74 198 16 193 207 220 173 168 224 18 31 293 180 658 240 76 964 115 130 64 2 514 36 51 73 60 22 61 389 1290 1310 
23 57 58 31 95 281 172 462 23 18 1407 77 226 84 250 230 139 184 2169 82 86 174 343 135 279 645 1 2479 272 114 122 127 22 253 1429 671 65 329 138 554 
24 42 104 50 28 103 19 0 115 644 186 269 81 52 184 165 15 128 160 246 654 1566 1 36 414 271 305 34 5 80 14 440 229 977 2060 
25 109 129 2587 68 19 69 2 393 31 140 86 380 35 36 47 186 6 1199 16 11 24 249 13 4724 1667 105 1490 5 205 199 21 678 2546 3262 1482 2264 1263 
26 187 168 158 85 2195 2052 162 161 59 415 406 25 5 234 446 409 324 299 589 100 890 105 313 891 86 475 258 328 50 342 84 97 126 5526 3975 1310 
27 47 30 228 157 122 124 39 172 107 218 59 70 164 300 101 28 443 17 855 110 82 343 739 112 100 206 69 45 431 41 44 56 417 151 10 119 11 6 16 1954 2700 1671 
28 148 64 264 272 0 144 12 4 53 41 58 88 83 60 85 14 44 52 114 132 57 70 8 31 3 1150 131 16 34 22 253 43 164 27 232 209 1917 554 900 1583 5921 1290 
29 360 48 37 2 17 156 44 442 309 329 509 5 437 481 274 35 350 115 229 67 332 196 179 337 41 40 76 82 109 3842 215 49 880 252 69 176 1290 
30 625 234 2385 149 435 1610 196 1026 20 187 61 134 602 687 4801 8740 610 347 1906 146 612 537 128 102 465 150 62 294 5 8365 517 79 198 3502 1210 1401 1332 992 162 110 1979 2048 914 2076 
31 399 2360 268 105 11 199 156 1106 222 21 117 590 301 15 77 142 2078 55 101 65 143 302 178 842 173 549 402 18 130 557 217 102 28 1065 135 735 122 7 7624 3097 
32 339 239 162 49 33 619 287 321 197 137 56 82 106 374 116 47 307 186 133 218 420 521 4850 181 282 622 208 316 123 
33 54 25 9 174 8 95 149 51 180 66 18 120 1011 334 102 86 73 222 38 22 250 284 40 724 179 35 33 482 53 83 298 289 3119 112 356 404 708 2848 
34 137 168 45 18 216 38 39 15 412 21 11 391 95 17 36 171 79 106 57 175 198 68 1 73 46 1665 371 34 305 926 25 24 44 48 126 69 1089 968 1737 3097 
35 8973 419 297 1959 123 646 42 6137 9957 35 7718 235 3236 1752 7970 259 476 2239 483 1074 1909 5221 6012 344 4164 471 529 836 316 186 763 96 19 310 4613 138 1290 
36 1080 280 94 434 1936 469 24 120 1783 88 353 309 163 181 80 206 20 403 114 39 131 998 30 979 1127 3730 597 278 561 4051 6137 134 714 5361 5005 2979 501 1388 1310 
37 100 2096 246 129 141 88 16 4 77 395 22 154 165 26 320 2147 159 125 152 362 418 92 2430 241 20 53 146 28 114 444 54 9 14 184 2591 
38 906 585 1054 4630 475 8444 364 8948 1456 2696 6166 120 1073 92 169 3676 853 98 799 971 698 1841 70 5165 2738 401 1123 546 907 293 235 56 9906 1334 1958 138 1290 
39 79 55 251 335 102 337 7 17 143 608 119 42 39 1197 3751 3983 23 5634 546 26 452 1395 118 747 162 280 2657 628 247 2222 613 4302 5 122 12 1171 138 968 1671 5921 1290 
40 53 265 24 50 20 405 178 95 64 106 292 161 211 205 117 239 1880 306 160 521 777 132 248 154 193 51 18 210 259 1583 1591 869 1958 859 7055 
41 40 553 81 2415 135 3790 50 97 145 351 227 13 156 1837 3135 1932 372 1824 516 53 456 215 2883 2458 382 4859 5724 2683 1595 797 4241 224 3975 4247 
42 935 121 32 1449 1001 284 331 205 441 74 78 487 214 315 432 115 1729 56 814 19 38 159 119 111 2862 908 88 184 247 368 280 158 35 123 5154 1039 188 250 655 561 9519 37 1263 9517 
43 8 52 412 399 194 1866 6126 67 15 2473 465 213 134 251 3 108 98 54 3038 1434 1988 2135 724 8512 243 2218 8629 2262 1428 332 27 3358 
44 256 498 742 1246 4089 1379 2196 712 309 1953 75 272 1002 201 0 716 2050 51 214 109 170 5 789 30 320 1651 327 332 5014 94 262 853 1132 197 1290 1954 1263 
45 32 73 171 42 180 309 4 502 193 397 1 1000 315 318 338 20 74 255 66 82 62 10 29 174 131 946 107 653 90 181 7971 132 357 15 236 69 
46 40 323 25 12 105 88 133 352 183 4148 241 2 376 140 651 289 181 1902 338 87 18 224 1298 81 66 102 97 227 1155 69 23 355 61 983 236 1502 1290 
47 129 38 192 183 244 200 160 118 503 111 12 1582 136 78 740 93 433 139 519 57 344 201 147 110 2413 130 1073 62 1424 8 587 14 1310 
48 9 94 134 104 366 545 34 300 13 751 92 1554 97 99 51 75 133 352 1023 1653 55 330 7 25 177 745 184 19 22 335 42 2469 110 3684 138 1290 
49 76 212 77 5 229 49 68 29 137 425 94 478 59 641 502 82 1767 1857 3332 839 22 473 128 519 61 994 331 498 55 9 69 6656 1671 
50 322 233 2292 1391 85 592 268 3140 31 6755 4096 514 866 363 594 647 4659 6130 4995 2542 1446 2469 546 5597 340 89 83 5084 6523 204 2941 587 1921 176 155 138 
51 9234 33 8783 213 6 23 4705 597 788 4606 288 966 9 22 2410 63 200 508 1728 159 725 334 1989 2420 4847 53 383 6237 1224 3586 198 246 5 70 14 1417 3824 197 5031 977 1263 
52 418 310 68 868 296 951 384 1601 4025 6514 6001 365 753 2190 3761 2327 5625 1361 1950 56 213 3 676 2088 724 381 525 2702 2818 7895 120 1482 1502 
53 65 302 38 1035 12 760 254 1704 225 798 371 534 62 4630 78 151 93 325 916 846 1021 8660 3243 3528 103 43 460 291 7064 189 1077 138 968 2060 
54 180 143 1489 72 243 7 268 296 84 80 10 170 46 772 281 231 451 219 125 484 5020 249 628 773 30 6043 101 288 197 158 1361 402 55 330 9019 1461 290 2291 404 120 1290 1310 1502 
55 124 80 13 45 101 24 414 115 146 978 6 25 1459 91 544 103 67 2 189 84 0 579 161 149 510 134 29 23 110 1209 21 14 166 3110 138 6887 1263 
56 113 707 323 3577 5795 804 868 4612 87 381 2746 2282 183 203 2451 950 816 370 283 242 190 175 211 239 279 3548 3500 2983 1591 5276 5526 3756 1502 
57 448 1442 323 114 26 76 480 358 349 34 9566 7672 2348 266 213 319 112 721 33 209 546 1755 298 235 52 116 53 429 28 404 1572 3767 3975 
58 294 244 720 550 364 381 4104 5850 1378 806 2986 4685 1902 8076 4474 3768 2619 7279 4133 909 936 396 6571 475 1228 4895 1587 860 4596 688 2593 608 8355 1700 1283 2955 859 2153 1310 1502 
59 323 769 1011 203 725 8601 6408 3843 6238 225 2187 1728 1264 2295 902 189 2980 762 1412 605 10 585 933 4184 1066 579 2692 477 8146 9 419 5173 494 27 5350 5333 138 
60 122 238 758 111 113 95 1756 2 143 106 115 116 18 158 257 107 409 110 88 81 54 216 142 77 103 123 217 124 1260 219 87 410 139 187 28 355 184 176 138 708 4247 
61 422 2014 230 916 295 42 4674 545 2976 378 566 408 1706 369 50 2062 5797 3784 3017 365 5801 7591 524 4858 4618 5688 1044 1815 2759 410 404 968 1737 1290 
62 6 527 25 100 58 1503 277 6044 245 209 770 528 34 7 3429 363 700 356 67 59 151 23 6025 3915 672 7777 5672 5778 216 63 120 1310 
63 106 3349 506 206 470 4361 205 323 581 7924 4032 9607 976 1288 46 356 2191 14 507 182 2805 6329 3659 64 5803 1362 1314 155 708 
64 3317 336 296 356 379 265 314 755 1353 6094 3828 2859 2094 301 7797 170 477 778 6820 1296 347 1758 3164 2611 1509 2433 1967 458 633 3032 1889 1495 9584 
65 64 165 35 49 55 190 568 66 1635 3689 1074 2706 259 188 511 8055 2098 3056 7687 5412 106 1017 941 82 2460 8401 9493 335 1679 2780 2818 5482 
66 186 947 457 375 3989 1413 524 4477 307 2664 1402 2568 5120 7325 1828 337 6980 4162 5604 6480 750 611 3648 4482 355 1087 875 8116 1951 
67 152 71 125 637 179 149 141 670 3692 400 245 212 1377 265 195 13 574 308 652 767 194 85 387 43 756 191 218 140 67 61 862 144 519 1387 69 3774 1290 
68 377 47 324 81 689 112 28 592 194 137 452 509 2720 5667 243 24 191 278 490 517 424 206 169 1436 11 1078 264 2152 83 715 9360 219 1803 316 3158 1384 
69 63 47 8 6 142 24 25 43 35 38 13 62 186 80 10 145 162 107 111 1935 11 394 286 512 361 16 15 247 54 21 1 146 20 57 1593 2177 873 1290 
70 43 666 762 362 629 293 2973 367 1909 34 248 650 840 240 577 384 52 85 5539 75 190 752 2609 417 8586 9678 340 6979 3097 3244 1290 
71 225 210 2477 445 5447 234 153 81 209 881 45 723 534 1239 854 659 419 43 523 335 244 1099 579 232 439 6064 2611 774 9138 859 1671 
72 1566 1408 156 17 4838 2261 1190 1571 664 5689 9359 772 10 7986 2904 261 1894 252 266 2507 1993 208 1333 1876 5038 6423 428 3016 803 508 69 591 785 1598 14 800 1721 7712 900 
73 250 609 1484 1311 4 3403 2201 1611 1845 252 6188 1307 197 596 864 842 474 317 348 1 46 178 50 3826 333 574 32 48 320 158 9547 2878 407 14 268 686 867 2060 
74 582 446 93 145 431 29 1038 2522 9295 6450 2156 5792 8875 200 565 2967 4429 6097 6696 1963 4325 314 8938 247 8427 1886 3943 199 468 2112 5554 3097 1263 
75 562 454 174 36 1337 489 402 22 62 17 583 304 553 51 392 346 159 2897 16 742 3293 132 2791 6205 7287 8518 8428 7122 488 3946 1628 252 3106 
76 48 43 185 0 47 28 100 177 286 20 34 35 146 203 79 5 15 14 455 128 73 104 60 31 354 26 27 511 155 157 244 38 21 19 869 900 2060 3849 
77 8733 244 433 4138 5350 1130 1593 651 2657 134 499 2517 273 2942 635 1407 1071 8466 6745 2378 3603 183 1888 9355 1087 203 9710 5872 95 289 512 1228 53 254 1577 3591 426 197 554 138 708 1263 
78 261 987 391 597 1913 465 680 202 443 352 156 4822 600 467 145 713 883 822 2431 2051 8114 799 6348 3796 292 128 8702 1697 5566 4452 252 485 2818 1502 7055 
79 281 169 119 140 33 351 157 220 13 238 837 159 500 706 50 178 1576 21 538 80 67 11 57 3983 997 260 81 505 127 8 199 485 4371 6402 1671 
80 39 86 641 688 1217 971 426 137 150 254 1034 542 1012 1511 141 2147 2961 1626 1165 2795 328 2456 7473 231 8672 589 2634 400 123 7559 2134 176 1572 708 
81 167 194 300 1627 60 74 861 26 11 165 1017 359 332 1663 1741 715 772 559 2882 460 241 576 155 146 231 95 757 493 168 662 645 655 7117 1263 138 
82 494 36 1983 341 1759 96 374 334 247 136 841 235 216 72 263 348 89 578 394 120 564 1300 360 277 15 644 48 1606 339 271 2739 1227 131 565 126 2282 958 80 252 3097 
83 1515 3175 470 185 490 2552 267 970 4238 281 203 3406 7315 179 77 1532 998 334 447 2654 65 70 5196 72 3769 1991 818 2894 312 1257 4090 6577 3110 2780 3244 
84 124 390 136 111 118 1147 188 117 49 1620 145 321 455 109 108 487 30 23 102 338 51 58 158 127 56 1080 17 6 2126 3 33 1256 4347 1173 1263 
85 938 544 226 676 715 656 2652 5641 951 9442 297 6234 298 1449 2024 475 3559 2065 4240 912 2052 130 2562 114 5605 1393 4390 9609 5371 2730 1398 1312 4421 138 4102 1263 
86 230 539 44 49 41 245 71 218 30 76 130 62 145 1318 2 112 47 3 79 100 0 328 60 12 9 125 498 58 135 133 5 303 126 1310 1290 
87 2334 166 949 130 1862 2071 160 251 96 677 108 327 153 358 1368 4227 4040 3053 6614 8949 6779 4048 6052 5 152 115 555 2498 6045 600 1370 3160 1799 2841 797 
88 510 282 190 83 1 98 660 238 1223 361 4928 85 2475 5731 1571 3400 3488 86 928 766 1053 2739 3879 1859 875 7195 124 6847 957 308 9593 5546 4171 355 554 
89 726 87 66 205 156 53 96 545 508 3137 436 866 161 636 210 472 2051 2221 1757 93 1896 2987 1121 9041 1340 418 240 3354 3526 799 1172 155 708 
90 141 1363 287 452 147 354 383 76 638 2371 3977 255 691 3866 975 146 1782 424 1427 227 509 295 198 388 183 120 116 876 3814 716 201 330 655 8450 1310 1502 1671 
91 663 8088 4370 2665 426 3003 5275 407 114 6018 6005 1746 1066 1091 2492 1932 1142 8585 150 1474 438 4581 1166 7135 1567 7600 8438 4131 1221 573 732 2020 4331 7086 5295 869 3244 
92 144 129 45 46 459 1673 2482 57 179 121 269 223 451 611 345 4366 192 80 353 71 299 279 1804 774 796 1062 538 498 497 5519 50 2067 290 1714 120 6698 5661 3097 
93 1010 3535 2285 866 549 237 9798 276 842 4319 245 207 144 327 4001 249 4350 3839 7316 1452 1865 2142 1421 205 3194 9040 310 2295 40 63 976 8688 7658 197 2198 5381 
94 3458 830 1865 1506 975 960 2968 6424 1140 8103 6785 7590 2329 337 2576 932 1008 4299 1788 980 4271 262 1783 4364 4657 697 1142 5909 2254 488 2965 4281 709 1200 138 
95 2670 908 3654 3420 5774 210 2436 963 6147 6913 278 580 6629 228 3893 3033 6 2022 5161 3751 6074 4 109 3151 565 4791 1268 9017 1089 3774 
96 178 271 455 4914 147 29 2240 71 56 301 267 20 354 108 504 391 1389 189 105 212 118 199 593 162 149 2684 2212 177 9357 53 6438 561 31 780 1506 737 1495 708 
97 52 278 191 99 297 81 273 90 173 1478 8 61 192 104 27 375 127 559 3858 603 246 76 14 18 1192 335 15 1938 1395 4 35 1290 
98 23 13 39 153 106 139 63 215 1 110 10 44 56 52 198 157 179 41 134 42 556 1740 82 175 915 649 499 718 2309 1487 410 27 120 
99 113 953 406 2478 180 503 253 175 2498 33 326 168 75 286 172 2337 1648 249 362 94 63 302 637 22 117 1245 1756 139 539 154 269 23 1966 138 1334 
